<?xml version="1.0" encoding="UTF-8"?>
<!-- Generated by org.testng.reporters.JUnitReportReporter -->
<testsuite skipped="0" hostname="anu-Latitude-3480" name="Testcases.LoginTest" tests="1" failures="0" timestamp="2020-10-01T18:19:33 IST" time="0.727" errors="0">
  <testcase name="login" time="0.727" classname="Testcases.LoginTest"/>
</testsuite> <!-- Testcases.LoginTest -->
