<?xml version="1.0" encoding="UTF-8"?>
<!-- Generated by org.testng.reporters.JUnitReportReporter -->
<testsuite skipped="0" hostname="anu-Latitude-3480" name="SuiteB.TestB" tests="1" failures="0" timestamp="2020-09-30T22:40:16 IST" time="1.003" errors="0">
  <testcase name="testA" time="1.003" classname="SuiteB.TestB"/>
</testsuite> <!-- SuiteB.TestB -->
