<?xml version="1.0" encoding="UTF-8"?>
<!-- Generated by org.testng.reporters.JUnitReportReporter -->
<testsuite skipped="0" hostname="anu-Latitude-3480" name="SuiteB.TestBB" tests="1" failures="0" timestamp="2020-09-30T22:37:48 IST" time="1.003" errors="0">
  <testcase name="testAnt" time="1.003" classname="SuiteB.TestBB"/>
</testsuite> <!-- SuiteB.TestBB -->
