<?xml version="1.0" encoding="UTF-8"?>
<!-- Generated by org.testng.reporters.JUnitReportReporter -->
<testsuite skipped="0" hostname="anu-Latitude-3480" name="SuiteA.TestAA" tests="1" failures="0" timestamp="2020-09-30T22:38:10 IST" time="1.018" errors="0">
  <testcase name="testAnt" time="1.018" classname="SuiteA.TestAA"/>
</testsuite> <!-- SuiteA.TestAA -->
